<?xml version="1.0" encoding="utf-8"?><testsuites name="pytest tests"><testsuite name="pytest" errors="0" failures="0" skipped="0" tests="12" time="4.000" timestamp="2026-08-10T10:35:28.495705+00:00" hostname="agent-env-0bcc33fb-ec65-42aa-b139-32f6022389b6"><testcase classname="backend.tests.test_iteration_13.TestAdminFamilies" name="test_admin_families_returns_list" time="0.585" /><testcase classname="backend.tests.test_iteration_13.TestAdminFamilies" name="test_admin_families_schema" time="0.357" /><testcase classname="backend.tests.test_iteration_13.TestAdminFamilies" name="test_admin_families_no_mongo_id" time="0.397" /><testcase classname="backend.tests.test_iteration_13.TestDeleteFamily" name="test_delete_family_removes_user" time="0.444" /><testcase classname="backend.tests.test_iteration_13.TestDeleteFamily" name="test_delete_family_removes_sessions" time="0.613" /><testcase classname="backend.tests.test_iteration_13.TestDeleteFamily" name="test_delete_family_invalid_id_returns_error" time="0.043" /><testcase classname="backend.tests.test_iteration_13.TestDeleteFamily" name="test_delete_family_nonexistent_returns_404" time="0.044" /><testcase classname="backend.tests.test_iteration_13.TestSessionDoubleComplete" name="test_complete_session_twice_only_one_reward" time="0.725" /><testcase classname="backend.tests.test_iteration_13.TestProgressEndpoint" name="test_progress_for_new_user" time="0.350" /><testcase classname="backend.tests.test_iteration_13.TestKnownAccount" name="test_login_famille_test" time="0.265" /><testcase classname="backend.tests.test_iteration_13.TestAdminHTMLTab" name="test_admin_panel_html_reachable" time="0.049" /><testcase classname="backend.tests.test_iteration_13.TestAdminHTMLTab" name="test_admin_panel_has_familles_tab" time="0.047" /></testsuite></testsuites>