<?xml version="1.0" encoding="utf-8"?><testsuites name="pytest tests"><testsuite name="pytest" errors="0" failures="0" skipped="1" tests="5" time="3.412" timestamp="2026-08-10T10:55:33.797841+00:00" hostname="agent-env-0bcc33fb-ec65-42aa-b139-32f6022389b6"><testcase classname="backend.tests.test_iteration_14.TestFirstAndSecondCompletion" name="test_first_completion_grants_rewards" time="0.654" /><testcase classname="backend.tests.test_iteration_14.TestFirstAndSecondCompletion" name="test_second_completion_no_extra_rewards" time="0.571" /><testcase classname="backend.tests.test_iteration_14.TestFirstAndSecondCompletion" name="test_closing_words_history_no_duplicate_on_second_run" time="0.639" /><testcase classname="backend.tests.test_iteration_14.TestFirstAndSecondCompletion" name="test_backend_defense_in_depth_second_run_with_nonempty_word" time="0.646"><skipped type="pytest.xfail" message="KNOWN BACKEND ISSUE: complete_session writes closing_word to the session BEFORE checking if the episode is already completed. A rogue client can therefore inject duplicate closing words into the mur familial history." /></testcase><testcase classname="backend.tests.test_iteration_14.TestEpisodeEditCleanup" name="test_put_episode_resets_user_data" time="0.815" /></testsuite></testsuites>