<?xml version="1.0" encoding="utf-8"?><testsuites name="pytest tests"><testsuite name="pytest" errors="0" failures="0" skipped="0" tests="18" time="2.470" timestamp="2026-08-09T21:28:40.083621+00:00" hostname="agent-env-0bcc33fb-ec65-42aa-b139-32f6022389b6"><testcase classname="backend.tests.test_id_leak_fix.TestIdLeakFix" name="test_seasons_list_no_id_leak" time="0.227" /><testcase classname="backend.tests.test_id_leak_fix.TestIdLeakFix" name="test_season_by_id_no_id_leak" time="0.098" /><testcase classname="backend.tests.test_id_leak_fix.TestIdLeakFix" name="test_episodes_by_season_no_id_leak" time="0.085" /><testcase classname="backend.tests.test_id_leak_fix.TestIdLeakFix" name="test_episode_by_id_no_id_leak" time="0.043" /><testcase classname="backend.tests.test_id_leak_fix.TestIdLeakFix" name="test_sessions_family_no_id_leak" time="0.332" /><testcase classname="backend.tests.test_id_leak_fix.TestIdLeakFix" name="test_badges_list_no_id_leak" time="0.044" /><testcase classname="backend.tests.test_id_leak_fix.TestSeededEpisodes" name="test_seeded_episode[true_false-6a78ef64fa41837ea9ac064f]" time="0.042" /><testcase classname="backend.tests.test_id_leak_fix.TestSeededEpisodes" name="test_seeded_episode[ranking-6a78ef64fa41837ea9ac0650]" time="0.043" /><testcase classname="backend.tests.test_id_leak_fix.TestSeededEpisodes" name="test_seeded_episode[quiz-6a78ef64fa41837ea9ac0651]" time="0.043" /><testcase classname="backend.tests.test_id_leak_fix.TestMiniGameTypesRegression" name="test_letters_type" time="0.210" /><testcase classname="backend.tests.test_id_leak_fix.TestMiniGameTypesRegression" name="test_true_false_type" time="0.091" /><testcase classname="backend.tests.test_id_leak_fix.TestMiniGameTypesRegression" name="test_ranking_type" time="0.126" /><testcase classname="backend.tests.test_id_leak_fix.TestMiniGameTypesRegression" name="test_quiz_type" time="0.118" /><testcase classname="backend.tests.test_id_leak_fix.TestMiniGameTypesRegression" name="test_custom_type" time="0.760" /><testcase classname="backend.tests.test_id_leak_fix.TestPreviousEndpointsRegression" name="test_login" time="0.000" /><testcase classname="backend.tests.test_id_leak_fix.TestPreviousEndpointsRegression" name="test_family_profile" time="0.042" /><testcase classname="backend.tests.test_id_leak_fix.TestPreviousEndpointsRegression" name="test_progress" time="0.048" /><testcase classname="backend.tests.test_id_leak_fix.TestPreviousEndpointsRegression" name="test_admin_stats" time="0.045" /></testsuite></testsuites>