<?xml version="1.0" encoding="utf-8"?><testsuites name="pytest tests"><testsuite name="pytest" errors="0" failures="0" skipped="0" tests="14" time="2.473" timestamp="2026-08-09T23:20:20.201195+00:00" hostname="agent-env-0bcc33fb-ec65-42aa-b139-32f6022389b6"><testcase classname="backend.tests.test_chunked_upload.TestInit" name="test_init_valid_mp4" time="0.272" /><testcase classname="backend.tests.test_chunked_upload.TestInit" name="test_init_valid_mov" time="0.044" /><testcase classname="backend.tests.test_chunked_upload.TestInit" name="test_init_valid_webm" time="0.051" /><testcase classname="backend.tests.test_chunked_upload.TestInit" name="test_init_rejects_txt" time="0.051" /><testcase classname="backend.tests.test_chunked_upload.TestFullChunkedFlow" name="test_full_15mb_flow" time="0.902" /><testcase classname="backend.tests.test_chunked_upload.TestFullChunkedFlow" name="test_assembled_video_streamable" time="0.219" /><testcase classname="backend.tests.test_chunked_upload.TestErrors" name="test_chunk_with_invalid_upload_id" time="0.046" /><testcase classname="backend.tests.test_chunked_upload.TestErrors" name="test_complete_with_invalid_upload_id" time="0.040" /><testcase classname="backend.tests.test_chunked_upload.TestEpisodeWithChunkedVideo" name="test_create_episode_and_stream" time="0.263" /><testcase classname="backend.tests.test_chunked_upload.TestEpisodeWithChunkedVideo" name="test_cleanup_chunked_episode" time="0.090" /><testcase classname="backend.tests.test_chunked_upload.TestLegacyUpload" name="test_legacy_single_shot_still_works" time="0.148" /><testcase classname="backend.tests.test_chunked_upload.TestLegacyUpload" name="test_cleanup_legacy_video" time="0.049" /><testcase classname="backend.tests.test_chunked_upload.TestAdminPanelChunkedJS" name="test_admin_panel_html_loads" time="0.051" /><testcase classname="backend.tests.test_chunked_upload.TestAdminPanelChunkedJS" name="test_admin_panel_references_chunked_upload" time="0.042" /></testsuite></testsuites>