<?xml version="1.0" encoding="utf-8"?><testsuites name="pytest tests"><testsuite name="pytest" errors="0" failures="0" skipped="0" tests="9" time="9.320" timestamp="2026-08-10T09:50:53.815777+00:00" hostname="agent-env-0bcc33fb-ec65-42aa-b139-32f6022389b6"><testcase classname="backend.tests.test_iteration_12.TestRegistration" name="test_register_success_returns_token_and_user" time="0.517" /><testcase classname="backend.tests.test_iteration_12.TestRegistration" name="test_register_duplicate_email_returns_400" time="0.454" /><testcase classname="backend.tests.test_iteration_12.TestRegistration" name="test_register_invalid_email_returns_422" time="0.092" /><testcase classname="backend.tests.test_iteration_12.TestEpisodeTimestamps" name="test_create_episode_has_created_and_updated_at" time="0.464" /><testcase classname="backend.tests.test_iteration_12.TestEpisodeTimestamps" name="test_put_refreshes_updated_at" time="1.606" /><testcase classname="backend.tests.test_iteration_12.TestLatestEpisode" name="test_latest_returns_most_recent" time="2.909" /><testcase classname="backend.tests.test_iteration_12.TestCleanupOnEditDelete" name="test_put_cleans_up_user_rewards" time="1.181" /><testcase classname="backend.tests.test_iteration_12.TestCleanupOnEditDelete" name="test_delete_cleans_up_user_rewards" time="0.899" /><testcase classname="backend.tests.test_iteration_12.TestCleanupOnEditDelete" name="test_put_no_badge_still_decrements_mopado" time="1.077" /></testsuite></testsuites>