<?xml version="1.0" encoding="utf-8"?><testsuites name="pytest tests"><testsuite name="pytest" errors="0" failures="0" skipped="0" tests="7" time="2.081" timestamp="2026-08-09T20:42:55.662454+00:00" hostname="agent-env-0bcc33fb-ec65-42aa-b139-32f6022389b6"><testcase classname="backend.tests.test_mopado_bugs.TestAuth" name="test_login_returns_token_and_user" time="0.555" /><testcase classname="backend.tests.test_mopado_bugs.TestAuth" name="test_register_new_user" time="0.276" /><testcase classname="backend.tests.test_mopado_bugs.TestBug1EpisodesAppear" name="test_create_season_then_episode_appears" time="0.204" /><testcase classname="backend.tests.test_mopado_bugs.TestBug1EpisodesAppear" name="test_cleanup_bug1" time="0.104" /><testcase classname="backend.tests.test_mopado_bugs.TestBug2NoDuplicateRewards" name="test_first_completion_gives_reward" time="0.531" /><testcase classname="backend.tests.test_mopado_bugs.TestBug2NoDuplicateRewards" name="test_second_completion_no_reward" time="0.198" /><testcase classname="backend.tests.test_mopado_bugs.TestBug2NoDuplicateRewards" name="test_cleanup_bug2" time="0.104" /></testsuite></testsuites>