<?xml version="1.0" encoding="utf-8"?><testsuites name="pytest tests"><testsuite name="pytest" errors="0" failures="0" skipped="0" tests="5" time="1.296" timestamp="2026-08-09T23:44:06.481756+00:00" hostname="agent-env-0bcc33fb-ec65-42aa-b139-32f6022389b6"><testcase classname="backend.tests.test_new_episode_features.TestEpisodeNewFields" name="test_episode_returns_all_new_fields" time="0.365" /><testcase classname="backend.tests.test_new_episode_features.TestEpisodeNewFields" name="test_episode_defaults_when_fields_omitted" time="0.148" /><testcase classname="backend.tests.test_new_episode_features.TestCompleteSessionAndBadges" name="test_complete_returns_new_fields_and_awards_badge" time="0.456" /><testcase classname="backend.tests.test_new_episode_features.TestCompleteSessionAndBadges" name="test_badge_not_duplicated_on_second_completion" time="0.164" /><testcase classname="backend.tests.test_new_episode_features.TestPreSeededEpisode" name="test_seeded_episode_has_new_fields" time="0.102" /></testsuite></testsuites>