<?xml version="1.0" encoding="utf-8"?><testsuites name="pytest tests"><testsuite name="pytest" errors="0" failures="0" skipped="0" tests="6" time="2.162" timestamp="2026-08-10T01:09:51.944433+00:00" hostname="agent-env-0bcc33fb-ec65-42aa-b139-32f6022389b6"><testcase classname="backend.tests.test_mopado_bug_fixes.TestRegistration" name="test_register_new_account_and_persist" time="0.557" /><testcase classname="backend.tests.test_mopado_bug_fixes.TestRegistration" name="test_duplicate_registration_rejected" time="0.055" /><testcase classname="backend.tests.test_mopado_bug_fixes.TestAlreadyCompletedFlow" name="test_episode_exists" time="0.052" /><testcase classname="backend.tests.test_mopado_bug_fixes.TestAlreadyCompletedFlow" name="test_start_complete_and_replay" time="0.685" /><testcase classname="backend.tests.test_mopado_bug_fixes.TestDataIntegrity" name="test_test_user_completed_episodes_all_valid" time="0.533" /><testcase classname="backend.tests.test_mopado_bug_fixes.TestDataIntegrity" name="test_hint_family_no_stale_ids" time="0.218" /></testsuite></testsuites>