<?xml version="1.0" encoding="utf-8"?><testsuites name="pytest tests"><testsuite name="pytest" errors="0" failures="1" skipped="0" tests="4" time="0.637" timestamp="2026-08-10T00:11:01.875443+00:00" hostname="agent-env-0bcc33fb-ec65-42aa-b139-32f6022389b6"><testcase classname="backend.tests.test_card_title.TestCardTitleModel" name="test_create_episode_with_card_titles" time="0.398" /><testcase classname="backend.tests.test_card_title.TestCardTitleModel" name="test_cleanup_created_episode" time="0.060" /><testcase classname="backend.tests.test_card_title.TestSeededEpisodeWithTitles" name="test_seeded_episode_has_expected_titles" time="0.054" /><testcase classname="backend.tests.test_card_title.TestSeededEpisodeWithTitles" name="test_seeded_episode_appears_in_list" time="0.052"><failure message="assert 405 == 200&#10; +  where 405 = &lt;Response [405]&gt;.status_code">backend/tests/test_card_title.py:96: in test_seeded_episode_appears_in_list
    assert r.status_code == 200
E   assert 405 == 200
E    +  where 405 = &lt;Response [405]&gt;.status_code</failure></testcase></testsuite></testsuites>