<?xml version="1.0" encoding="utf-8"?><testsuites name="pytest tests"><testsuite name="pytest" errors="0" failures="0" skipped="0" tests="9" time="2.491" timestamp="2026-08-10T19:12:16.767359+00:00" hostname="agent-env-0bcc33fb-ec65-42aa-b139-32f6022389b6"><testcase classname="backend.tests.test_season_quiz.TestQuizAvailability" name="test_get_quiz_no_family" time="0.343" /><testcase classname="backend.tests.test_season_quiz.TestQuizAvailability" name="test_get_quiz_for_completed_family" time="0.065" /><testcase classname="backend.tests.test_season_quiz.TestQuizAvailability" name="test_get_quiz_for_fresh_family" time="0.366" /><testcase classname="backend.tests.test_season_quiz.TestQuizCompletion" name="test_all_correct_awards_mopado_and_badge" time="0.408" /><testcase classname="backend.tests.test_season_quiz.TestQuizCompletion" name="test_all_wrong_no_reward" time="0.346" /><testcase classname="backend.tests.test_season_quiz.TestQuizCompletion" name="test_partial_correct_scoring" time="0.350" /><testcase classname="backend.tests.test_season_quiz.TestQuizCompletion" name="test_one_correct_below_threshold" time="0.343" /><testcase classname="backend.tests.test_season_quiz.TestQuizUpsertAdmin" name="test_save_without_publish_preserves_content" time="0.061" /><testcase classname="backend.tests.test_season_quiz.TestQuizUpsertAdmin" name="test_republish_updates_published_at" time="0.059" /></testsuite></testsuites>