<?xml version="1.0" encoding="utf-8"?><testsuites name="pytest tests"><testsuite name="pytest" errors="0" failures="0" skipped="0" tests="4" time="2.693" timestamp="2026-08-10T11:07:23.951445+00:00" hostname="agent-env-0bcc33fb-ec65-42aa-b139-32f6022389b6"><testcase classname="backend.tests.test_iteration_14_v2.TestV2FirstCompletionPayload" name="test_first_completion_returns_full_payload" time="0.645" /><testcase classname="backend.tests.test_iteration_14_v2.TestV2SecondCompletionHardening" name="test_second_completion_rogue_word_is_nulled_in_progress" time="0.642" /><testcase classname="backend.tests.test_iteration_14_v2.TestV2SecondCompletionHardening" name="test_second_completion_mopado_unchanged" time="0.617" /><testcase classname="backend.tests.test_iteration_14_v2.TestV2PutEpisodeRedo" name="test_put_episode_allows_fresh_first_time_completion" time="0.730" /></testsuite></testsuites>