<?xml version="1.0" encoding="utf-8"?><testsuites name="pytest tests"><testsuite name="pytest" errors="0" failures="0" skipped="0" tests="13" time="1.246" timestamp="2026-08-09T21:00:15.025928+00:00" hostname="agent-env-0bcc33fb-ec65-42aa-b139-32f6022389b6"><testcase classname="backend.tests.test_video_upload.TestVideoUpload" name="test_upload_valid_mp4" time="0.353" /><testcase classname="backend.tests.test_video_upload.TestVideoUpload" name="test_upload_valid_webm" time="0.061" /><testcase classname="backend.tests.test_video_upload.TestVideoUpload" name="test_upload_invalid_txt_rejected" time="0.043" /><testcase classname="backend.tests.test_video_upload.TestVideoStreaming" name="test_stream_existing_video" time="0.073" /><testcase classname="backend.tests.test_video_upload.TestVideoStreaming" name="test_stream_nonexistent_video" time="0.041" /><testcase classname="backend.tests.test_video_upload.TestEpisodeVideoIntegration" name="test_create_episode_with_video" time="0.048" /><testcase classname="backend.tests.test_video_upload.TestEpisodeVideoIntegration" name="test_get_episode_returns_video_filename_field" time="0.043" /><testcase classname="backend.tests.test_video_upload.TestEpisodeVideoIntegration" name="test_create_episode_without_video" time="0.087" /><testcase classname="backend.tests.test_video_upload.TestEpisodeVideoIntegration" name="test_delete_episode_removes_video_file" time="0.139" /><testcase classname="backend.tests.test_video_upload.TestEpisodeVideoIntegration" name="test_cleanup_no_video_episode" time="0.047" /><testcase classname="backend.tests.test_video_upload.TestVideoDelete" name="test_delete_webm_video" time="0.156" /><testcase classname="backend.tests.test_video_upload.TestAdminPanel" name="test_admin_panel_html_loads" time="0.046" /><testcase classname="backend.tests.test_video_upload.TestAdminPanel" name="test_admin_panel_mentions_size_limit_500mb" time="0.045" /></testsuite></testsuites>