<?xml version="1.0" encoding="utf-8"?><testsuites name="pytest tests"><testsuite name="pytest" errors="0" failures="1" skipped="0" tests="13" time="1.660" timestamp="2026-08-09T21:23:14.569141+00:00" hostname="agent-env-0bcc33fb-ec65-42aa-b139-32f6022389b6"><testcase classname="backend.tests.test_minigame_types.TestSeasonSanity" name="test_season_exists" time="0.300" /><testcase classname="backend.tests.test_minigame_types.TestLettersGame" name="test_create_letters_episode" time="0.092"><failure message="AssertionError: assert '_id' not in {'_id': '6a78efc26d929672c5c25c5c', 'season_id': '6a78e7a45f87998d7ed8e2c3', 'title': 'TEST_letters_ep', 'description': 'letters test', ...}">backend/tests/test_minigame_types.py:64: in test_create_letters_episode
    assert "_id" not in ep
E   AssertionError: assert '_id' not in {'_id': '6a78efc26d929672c5c25c5c', 'season_id': '6a78e7a45f87998d7ed8e2c3', 'title': 'TEST_letters_ep', 'description': 'letters test', ...}</failure></testcase><testcase classname="backend.tests.test_minigame_types.TestTrueFalseGame" name="test_create_true_false_episode" time="0.086" /><testcase classname="backend.tests.test_minigame_types.TestRankingGame" name="test_create_ranking_episode" time="0.087" /><testcase classname="backend.tests.test_minigame_types.TestQuizGame" name="test_create_quiz_episode" time="0.087" /><testcase classname="backend.tests.test_minigame_types.TestCustomGame" name="test_create_custom_episode" time="0.085" /><testcase classname="backend.tests.test_minigame_types.TestBackwardCompat" name="test_minigame_without_type_defaults_to_letters" time="0.084" /><testcase classname="backend.tests.test_minigame_types.TestBackwardCompat" name="test_episode_without_minigame" time="0.086" /><testcase classname="backend.tests.test_minigame_types.TestAdminPanel" name="test_admin_panel_has_game_type_selector" time="0.068" /><testcase classname="backend.tests.test_minigame_types" name="test_seeded_episodes_have_correct_type[6a78ef64fa41837ea9ac064f-true_false]" time="0.051" /><testcase classname="backend.tests.test_minigame_types" name="test_seeded_episodes_have_correct_type[6a78ef64fa41837ea9ac0650-ranking]" time="0.044" /><testcase classname="backend.tests.test_minigame_types" name="test_seeded_episodes_have_correct_type[6a78ef64fa41837ea9ac0651-quiz]" time="0.050" /><testcase classname="backend.tests.test_minigame_types" name="test_zzz_cleanup" time="0.459" /></testsuite></testsuites>