<?xml version="1.0" encoding="utf-8"?><testsuites name="pytest tests"><testsuite name="pytest" errors="0" failures="0" skipped="0" tests="5" time="2.758" timestamp="2026-08-10T23:22:00.102657+00:00" hostname="agent-env-0bcc33fb-ec65-42aa-b139-32f6022389b6"><testcase classname="backend.tests.test_iteration_19.TestProgressCompletedSeasons" name="test_progress_returns_completed_seasons_field" time="0.676" /><testcase classname="backend.tests.test_iteration_19.TestProgressCompletedSeasons" name="test_progress_famille_test_completed_seasons_int" time="0.339" /><testcase classname="backend.tests.test_iteration_19.TestProgressCompletedSeasons" name="test_completed_seasons_increments_when_all_episodes_done" time="0.639" /><testcase classname="backend.tests.test_iteration_19.TestDynamicRankingItems" name="test_quiz_save_accepts_5_item_ranking" time="0.527" /><testcase classname="backend.tests.test_iteration_19.TestDynamicRankingItems" name="test_quiz_save_accepts_2_item_ranking" time="0.516" /></testsuite></testsuites>