<?xml version="1.0" encoding="utf-8"?><testsuites name="pytest tests"><testsuite name="pytest" errors="0" failures="0" skipped="0" tests="9" time="6.313" timestamp="2026-08-10T18:40:39.065798+00:00" hostname="agent-env-0bcc33fb-ec65-42aa-b139-32f6022389b6"><testcase classname="backend.tests.test_planning.TestPlanningCRUD" name="test_create_planning_returns_correct_payload" time="0.599" /><testcase classname="backend.tests.test_planning.TestPlanningCRUD" name="test_repeated_post_upserts_no_duplicates" time="0.554" /><testcase classname="backend.tests.test_planning.TestPlanningCRUD" name="test_get_returns_null_when_none" time="0.380" /><testcase classname="backend.tests.test_planning.TestPlanningCRUD" name="test_delete_removes_planning" time="0.600" /><testcase classname="backend.tests.test_planning.TestPlanningCRUD" name="test_delete_is_idempotent" time="0.384" /><testcase classname="backend.tests.test_planning.TestPlanningCRUD" name="test_time_slot_variants_persist" time="1.547" /><testcase classname="backend.tests.test_planning.TestPlanningCascadeOnCompletion" name="test_completion_removes_planning" time="0.818" /><testcase classname="backend.tests.test_planning.TestPlanningCascadeOnCompletion" name="test_replay_completion_still_leaves_planning_absent" time="0.944" /><testcase classname="backend.tests.test_planning.TestExistingSeededPlanning" name="test_famille_test_has_planning" time="0.363" /></testsuite></testsuites>